<?xml version="1.0" encoding="UTF-8"?>
<testsuite xmlns:xsi="http://www.w3.org/2001/XMLSchema-instance" xsi:noNamespaceSchemaLocation="https://maven.apache.org/surefire/maven-surefire-plugin/xsd/surefire-test-report.xsd" version="3.0.2" name="com.example.taskmanagement.TaskManagementApplicationTests" time="6.777" tests="1" errors="0" skipped="0" failures="0">
  <properties>
[...]
</properties>
  <testcase name="contextLoads" classname="com.example.taskmanagement.TaskManagementApplicationTests" time="0.554">
    <system-out><![CDATA[12:00:17.765 [main] INFO org.springframework.test.context.support.AnnotationConfigContextLoaderUtils -- Could not detect default configuration classes for test class [com.example.taskmanagement.TaskManagementApplicationTests]: TaskManagementApplicationTests does not declare any static, non-private, non-final, nested classes annotated with @Configuration.
12:00:17.907 [main] INFO org.springframework.boot.test.context.SpringBootTestContextBootstrapper -- Found @SpringBootConfiguration com.example.taskmanagement.TaskManagementApplication for test class com.example.taskmanagement.TaskManagementApplicationTests

  .   ____          _            __ _ _
 /\\ / ___'_ __ _ _(_)_ __  __ _ \ \ \ \
( ( )\___ | '_ | '_| | '_ \/ _` | \ \ \ \
 \\/  ___)| |_)| | | | | || (_| |  ) ) ) )
  '  |____| .__|_| |_|_| |_\__, | / / / /
 =========|_|==============|___/=/_/_/_/

 :: Spring Boot ::                (v3.4.3)

2026-03-14T12:00:18.536Z  INFO 4770 --- [           main] c.e.t.TaskManagementApplicationTests     : Starting TaskManagementApplicationTests using Java 17.0.18 with PID 4770 (started by runner in /home/runner/work/task-management-system/task-management-system/backend)
2026-03-14T12:00:18.538Z  INFO 4770 --- [           main] c.e.t.TaskManagementApplicationTests     : The following 1 profile is active: "test"
2026-03-14T12:00:19.617Z  INFO 4770 --- [           main] .s.d.r.c.RepositoryConfigurationDelegate : Bootstrapping Spring Data JPA repositories in DEFAULT mode.
2026-03-14T12:00:19.709Z  INFO 4770 --- [           main] .s.d.r.c.RepositoryConfigurationDelegate : Finished Spring Data repository scanning in 77 ms. Found 7 JPA repository interfaces.
2026-03-14T12:00:20.384Z  INFO 4770 --- [           main] o.hibernate.jpa.internal.util.LogHelper  : HHH000204: Processing PersistenceUnitInfo [name: default]
2026-03-14T12:00:20.449Z  INFO 4770 --- [           main] org.hibernate.Version                    : HHH000412: Hibernate ORM core version 6.6.8.Final
2026-03-14T12:00:20.488Z  INFO 4770 --- [           main] o.h.c.internal.RegionFactoryInitiator    : HHH000026: Second-level cache disabled
2026-03-14T12:00:20.813Z  INFO 4770 --- [           main] o.s.o.j.p.SpringPersistenceUnitInfo      : No LoadTimeWeaver setup: ignoring JPA class transformer
2026-03-14T12:00:20.849Z  INFO 4770 --- [           main] com.zaxxer.hikari.HikariDataSource       : HikariPool-1 - Starting...
2026-03-14T12:00:21.029Z  INFO 4770 --- [           main] com.zaxxer.hikari.pool.HikariPool        : HikariPool-1 - Added connection conn0: url=jdbc:h2:mem:testdb user=SA
2026-03-14T12:00:21.032Z  INFO 4770 --- [           main] com.zaxxer.hikari.HikariDataSource       : HikariPool-1 - Start completed.
2026-03-14T12:00:21.065Z  WARN 4770 --- [           main] org.hibernate.orm.deprecation            : HHH90000025: H2Dialect does not need to be specified explicitly using 'hibernate.dialect' (remove the property setting and it will be selected by default)
2026-03-14T12:00:21.093Z  INFO 4770 --- [           main] org.hibernate.orm.connections.pooling    : HHH10001005: Database info:
	Database JDBC URL [Connecting through datasource 'HikariDataSource (HikariPool-1)']
	Database driver: undefined/unknown
	Database version: 2.3.232
	Autocommit mode: undefined/unknown
	Isolation level: undefined/unknown
	Minimum pool size: undefined/unknown
	Maximum pool size: undefined/unknown
2026-03-14T12:00:22.238Z  INFO 4770 --- [           main] o.h.e.t.j.p.i.JtaPlatformInitiator       : HHH000489: No JTA platform available (set 'hibernate.transaction.jta.platform' to enable JTA platform integration)
Hibernate: 
    drop table if exists attendance cascade 
Hibernate: 
    drop table if exists employees cascade 
Hibernate: 
    drop table if exists projects cascade 
Hibernate: 
    drop table if exists skills cascade 
Hibernate: 
    drop table if exists suggestions cascade 
Hibernate: 
    drop table if exists tasks cascade 
Hibernate: 
    drop table if exists users cascade 
Hibernate: 
    create table attendance (
        date date not null,
        attendance_id bigint generated by default as identity,
        check_in timestamp(6) not null,
        check_out timestamp(6),
        employee_id bigint,
        primary key (attendance_id)
    )
Hibernate: 
    create table employees (
        employee_id bigint generated by default as identity,
        hired_at timestamp(6),
        user_id bigint,
        department varchar(50),
        first_name varchar(50) not null,
        last_name varchar(50) not null,
        position varchar(50),
        primary key (employee_id)
    )
Hibernate: 
    create table projects (
        end_date timestamp(6),
        project_id bigint generated by default as identity,
        start_date timestamp(6) not null,
        status varchar(50),
        name varchar(100) not null,
        description TEXT,
        primary key (project_id)
    )
Hibernate: 
    create table skills (
        employee_id bigint,
        skill_id bigint generated by default as identity,
        proficiency_level varchar(50),
        skill_name varchar(100) not null,
        primary key (skill_id)
    )
Hibernate: 
    create table suggestions (
        created_at timestamp(6),
        suggestion_id bigint generated by default as identity,
        user_id bigint,
        suggestion_text TEXT not null,
        primary key (suggestion_id)
    )
Hibernate: 
    create table tasks (
        assigned_to bigint,
        due_date timestamp(6),
        project_id bigint,
        task_id bigint generated by default as identity,
        status varchar(50),
        title varchar(100) not null,
        description TEXT,
        primary key (task_id)
    )
Hibernate: 
    create table users (
        created_at timestamp(6),
        user_id bigint generated by default as identity,
        username varchar(50) not null unique,
        email varchar(100) not null unique,
        password varchar(255) not null,
        primary key (user_id)
    )
Hibernate: 
    alter table if exists attendance 
       add constraint FKb48lmkou5j4rvde9sr88bqgjw 
       foreign key (employee_id) 
       references employees
Hibernate: 
    alter table if exists employees 
       add constraint FK69x3vjuy1t5p18a5llb8h2fjx 
       foreign key (user_id) 
       references users
Hibernate: 
    alter table if exists skills 
       add constraint FKlmmn5mi6qoy7mfh9y3wwaoj02 
       foreign key (employee_id) 
       references employees
Hibernate: 
    alter table if exists suggestions 
       add constraint FK7yns86oadd04hrdcstg7mhirm 
       foreign key (user_id) 
       references users
Hibernate: 
    alter table if exists tasks 
       add constraint FKc2y22d6enhsanvjek24wis1ly 
       foreign key (assigned_to) 
       references employees
Hibernate: 
    alter table if exists tasks 
       add constraint FKsfhn82y57i3k9uxww1s007acc 
       foreign key (project_id) 
       references projects
2026-03-14T12:00:22.316Z  INFO 4770 --- [           main] j.LocalContainerEntityManagerFactoryBean : Initialized JPA EntityManagerFactory for persistence unit 'default'
2026-03-14T12:00:22.840Z  INFO 4770 --- [           main] eAuthenticationProviderManagerConfigurer : Global AuthenticationManager configured with AuthenticationProvider bean with name authenticationProvider
2026-03-14T12:00:22.841Z  WARN 4770 --- [           main] r$InitializeUserDetailsManagerConfigurer : Global AuthenticationManager configured with an AuthenticationProvider bean. UserDetailsService beans will not be used by Spring Security for automatically configuring username/password login. Consider removing the AuthenticationProvider bean. Alternatively, consider using the UserDetailsService in a manually instantiated DaoAuthenticationProvider. If the current configuration is intentional, to turn off this warning, increase the logging level of 'org.springframework.security.config.annotation.authentication.configuration.InitializeUserDetailsBeanManagerConfigurer' to ERROR
2026-03-14T12:00:22.986Z  WARN 4770 --- [           main] JpaBaseConfiguration$JpaWebConfiguration : spring.jpa.open-in-view is enabled by default. Therefore, database queries may be performed during view rendering. Explicitly configure spring.jpa.open-in-view to disable this warning
2026-03-14T12:00:23.777Z  INFO 4770 --- [           main] c.e.t.TaskManagementApplicationTests     : Started TaskManagementApplicationTests in 5.682 seconds (process running for 7.063)
]]></system-out>
  </testcase>
</testsuite>